c:\users\molsh\source\repos\goodproj\x64\debug\vc142.pdb
c:\users\molsh\source\repos\goodproj\x64\debug\vc142.idb
c:\users\molsh\source\repos\goodproj\x64\debug\win.obj
c:\users\molsh\source\repos\goodproj\x64\debug\engine.obj
c:\users\molsh\source\repos\goodproj\x64\debug\goodproj.obj
c:\users\molsh\source\repos\goodproj\x64\debug\testunit.obj
c:\users\molsh\source\repos\goodproj\x64\debug\cube.obj
c:\users\molsh\source\repos\goodproj\x64\debug\win.obj.enc
c:\users\molsh\source\repos\goodproj\x64\debug\goodproj.pdb
c:\users\molsh\source\repos\goodproj\x64\debug\goodproj.tlog\cl.command.1.tlog
c:\users\molsh\source\repos\goodproj\x64\debug\goodproj.tlog\cl.read.1.tlog
c:\users\molsh\source\repos\goodproj\x64\debug\goodproj.tlog\cl.write.1.tlog
c:\users\molsh\source\repos\goodproj\x64\debug\goodproj.tlog\link-cvtres.read.1.tlog
c:\users\molsh\source\repos\goodproj\x64\debug\goodproj.tlog\link-cvtres.write.1.tlog
c:\users\molsh\source\repos\goodproj\x64\debug\goodproj.tlog\link-rc.read.1.tlog
c:\users\molsh\source\repos\goodproj\x64\debug\goodproj.tlog\link-rc.write.1.tlog
c:\users\molsh\source\repos\goodproj\x64\debug\goodproj.tlog\link.13464-cvtres.read.1.tlog
c:\users\molsh\source\repos\goodproj\x64\debug\goodproj.tlog\link.13464-cvtres.write.1.tlog
c:\users\molsh\source\repos\goodproj\x64\debug\goodproj.tlog\link.13464-rc.read.1.tlog
c:\users\molsh\source\repos\goodproj\x64\debug\goodproj.tlog\link.13464-rc.write.1.tlog
c:\users\molsh\source\repos\goodproj\x64\debug\goodproj.tlog\link.13464.read.1.tlog
c:\users\molsh\source\repos\goodproj\x64\debug\goodproj.tlog\link.13464.write.1.tlog
c:\users\molsh\source\repos\goodproj\x64\debug\goodproj.tlog\link.command.1.tlog
c:\users\molsh\source\repos\goodproj\x64\debug\goodproj.tlog\link.read.1.tlog
c:\users\molsh\source\repos\goodproj\x64\debug\goodproj.tlog\link.write.1.tlog
